main is called
Floor
AABB data: Xmin: -500.000183, Xmax, 500.000183, Ymin: -500.000000, Ymax, 500.000000, Zmin: -50.000015, Zmax, 0.000015
BoxBrush
AABB data: Xmin: -310.000000, Xmax, -110.000000, Ymin: -260.000000, Ymax, -60.000000, Zmin: 20.000000, Zmax, 220.000000
BoxBrush2
AABB data: Xmin: 70.000000, Xmax, 270.000000, Ymin: -300.000000, Ymax, -100.000000, Zmin: 20.000000, Zmax, 220.000000
BoxBrush3
AABB data: Xmin: 90.000000, Xmax, 290.000000, Ymin: 80.000000, Ymax, 280.000000, Zmin: 20.000000, Zmax, 220.000000
BoxBrush4
AABB data: Xmin: -320.000000, Xmax, -120.000000, Ymin: 120.000000, Ymax, 320.000000, Zmin: 20.000000, Zmax, 220.000000
ConeBrush1
AABB data: Xmin: 730.000000, Xmax, 1130.000000, Ymin: 880.000000, Ymax, 1280.000000, Zmin: -130.000000, Zmax, 170.000000
ConeBrush2
AABB data: Xmin: -210.000015, Xmax, 190.000015, Ymin: 880.000000, Ymax, 1280.000000, Zmin: -130.000000, Zmax, 170.000000
ConeBrush3
AABB data: Xmin: -970.000000, Xmax, -570.000000, Ymin: 620.000000, Ymax, 1020.000000, Zmin: -130.000000, Zmax, 170.000000
ConeBrush4
AABB data: Xmin: -970.000000, Xmax, -570.000000, Ymin: -220.000000, Ymax, 180.000000, Zmin: -130.000000, Zmax, 170.000000
ConeBrush5
AABB data: Xmin: -260.000000, Xmax, 140.000015, Ymin: -220.000000, Ymax, 180.000000, Zmin: -130.000000, Zmax, 170.000000
ConeBrush6
AABB data: Xmin: 850.000000, Xmax, 1250.000000, Ymin: -220.000000, Ymax, 180.000000, Zmin: -130.000000, Zmax, 170.000000
ConeBrush7
AABB data: Xmin: 850.000000, Xmax, 1250.000000, Ymin: -1410.000000, Ymax, -1010.000000, Zmin: -130.000000, Zmax, 170.000000
ConeBrush8
AABB data: Xmin: -180.000015, Xmax, 220.000015, Ymin: -1410.000000, Ymax, -1010.000000, Zmin: -130.000000, Zmax, 170.000000
ConeBrush9
AABB data: Xmin: -940.000000, Xmax, -540.000000, Ymin: -1410.000000, Ymax, -1010.000000, Zmin: -130.000000, Zmax, 170.000000
Extent: [20 20 80]
Spawn Locations: [-393.7386 217.87596 80]
Extent: [20 20 80]
Game Inited.
self ViewDir: [393.7386 -217.87596 0]
Oppo ViewDir: [-383.7386 227.87596 0]
self ViewDir: [393.7386 -217.87596 0]
Oppo ViewDir: [-404.5711 188.4276 0]
self ViewDir: [393.7386 -217.87596 0]
Oppo ViewDir: [-421.36133 147.09653 0]
self ViewDir: [393.7386 -217.87596 0]
Oppo ViewDir: [-433.94144 104.295715 0]
self ViewDir: [393.7386 -217.87596 0]
Oppo ViewDir: [-442.18573 60.452816 0]
self ViewDir: [393.7386 -217.87596 0]
Oppo ViewDir: [-446.01187 16.005892 0]
self ViewDir: [393.7386 -217.87596 0]
Oppo ViewDir: [-445.3816 -28.60096 0]
self ViewDir: [393.7386 -217.87596 0]
Oppo ViewDir: [-440.3012 -72.92204 0]
self ViewDir: [393.7386 -217.87596 0]
Oppo ViewDir: [-430.82147 -116.51451 0]
self ViewDir: [393.7386 -217.87596 0]
Oppo ViewDir: [-417.0371 -158.9428 0]
self ViewDir: [393.7386 -217.87596 0]
Oppo ViewDir: [-399.08588 -199.78299 0]
self ViewDir: [393.7386 -217.87596 0]
Oppo ViewDir: [-377.1471 -238.62701 0]
self ViewDir: [393.7386 -217.87596 0]
Oppo ViewDir: [-351.43997 -275.08676 0]
self ViewDir: [393.7386 -217.87596 0]
Oppo ViewDir: [-322.22137 -308.7979 0]
Floor
AABB data: Xmin: -500.000183, Xmax, 500.000183, Ymin: -500.000000, Ymax, 500.000000, Zmin: -50.000015, Zmax, 0.000015
BoxBrush
AABB data: Xmin: -310.000000, Xmax, -110.000000, Ymin: -260.000000, Ymax, -60.000000, Zmin: 20.000000, Zmax, 220.000000
BoxBrush2
AABB data: Xmin: 70.000000, Xmax, 270.000000, Ymin: -300.000000, Ymax, -100.000000, Zmin: 20.000000, Zmax, 220.000000
BoxBrush3
AABB data: Xmin: 90.000000, Xmax, 290.000000, Ymin: 80.000000, Ymax, 280.000000, Zmin: 20.000000, Zmax, 220.000000
BoxBrush4
AABB data: Xmin: -320.000000, Xmax, -120.000000, Ymin: 120.000000, Ymax, 320.000000, Zmin: 20.000000, Zmax, 220.000000
ConeBrush1
AABB data: Xmin: 730.000000, Xmax, 1130.000000, Ymin: 880.000000, Ymax, 1280.000000, Zmin: -130.000000, Zmax, 170.000000
ConeBrush2
AABB data: Xmin: -210.000015, Xmax, 190.000015, Ymin: 880.000000, Ymax, 1280.000000, Zmin: -130.000000, Zmax, 170.000000
ConeBrush3
AABB data: Xmin: -970.000000, Xmax, -570.000000, Ymin: 620.000000, Ymax, 1020.000000, Zmin: -130.000000, Zmax, 170.000000
ConeBrush4
AABB data: Xmin: -970.000000, Xmax, -570.000000, Ymin: -220.000000, Ymax, 180.000000, Zmin: -130.000000, Zmax, 170.000000
ConeBrush5
AABB data: Xmin: -260.000000, Xmax, 140.000015, Ymin: -220.000000, Ymax, 180.000000, Zmin: -130.000000, Zmax, 170.000000
ConeBrush6
AABB data: Xmin: 850.000000, Xmax, 1250.000000, Ymin: -220.000000, Ymax, 180.000000, Zmin: -130.000000, Zmax, 170.000000
ConeBrush7
AABB data: Xmin: 850.000000, Xmax, 1250.000000, Ymin: -1410.000000, Ymax, -1010.000000, Zmin: -130.000000, Zmax, 170.000000
ConeBrush8
AABB data: Xmin: -180.000015, Xmax, 220.000015, Ymin: -1410.000000, Ymax, -1010.000000, Zmin: -130.000000, Zmax, 170.000000
ConeBrush9
AABB data: Xmin: -940.000000, Xmax, -540.000000, Ymin: -1410.000000, Ymax, -1010.000000, Zmin: -130.000000, Zmax, 170.000000
Extent: [20 20 80]
Spawn Locations: [-244.11607 -378.03088 80]
Extent: [20 20 80]
Game Inited.
action: 294920
action 3: 2, action 4: 0
self ViewDir: [280.63663 351.77136 0]
Oppo ViewDir: [-234.11607 -368.03088 0]
self ViewDir: [280.63663 351.77136 0]
Oppo ViewDir: [-196.20468 -389.56485 0]
self ViewDir: [280.63663 351.77136 0]
Oppo ViewDir: [-156.33289 -407.20642 0]
self ViewDir: [280.63663 351.77136 0]
Oppo ViewDir: [-114.89906 -420.77933 0]
self ViewDir: [280.63663 351.77136 0]
Oppo ViewDir: [-72.31721 -430.14795 0]
self ViewDir: [280.63663 351.77136 0]
Oppo ViewDir: [-29.012783 -435.2187 0]
self ViewDir: [280.63663 351.77136 0]
Oppo ViewDir: [14.581529 -435.94086 0]
self ViewDir: [280.63663 351.77136 0]
Oppo ViewDir: [58.030148 -432.30725 0]
self ViewDir: [280.63663 351.77136 0]
Oppo ViewDir: [100.89895 -424.3542 0]
self ViewDir: [280.63663 351.77136 0]
Oppo ViewDir: [142.7596 -412.16107 0]
self ViewDir: [280.63663 351.77136 0]
Oppo ViewDir: [183.19385 -395.8498 0]
self ViewDir: [280.63663 351.77136 0]
Oppo ViewDir: [221.79768 -375.5833 0]
self ViewDir: [280.63663 351.77136 0]
Oppo ViewDir: [258.1854 -351.56415 0]
self ViewDir: [280.63663 351.77136 0]
Oppo ViewDir: [291.99338 -324.03226 0]
action: 557064
action 3: 2, action 4: 0
self ViewDir: [314.35315 321.99704 0]
Oppo ViewDir: [322.88388 -293.26276 0]
self ViewDir: [314.35315 321.99704 0]
Oppo ViewDir: [350.54822 -259.56308 0]
self ViewDir: [314.35315 321.99704 0]
Oppo ViewDir: [374.71002 -223.26991 0]
self ViewDir: [314.35315 321.99704 0]
Oppo ViewDir: [395.12784 -184.74591 0]
self ViewDir: [314.35315 321.99704 0]
Oppo ViewDir: [411.59766 -144.37599 0]
self ViewDir: [314.35315 321.99704 0]
Oppo ViewDir: [423.95493 -102.56351 0]
self ViewDir: [314.35315 321.99704 0]
Oppo ViewDir: [432.0762 -59.72625 0]
self ViewDir: [314.35315 321.99704 0]
Oppo ViewDir: [435.88028 -16.292223 0]
self ViewDir: [314.35315 321.99704 0]
Oppo ViewDir: [435.32922 27.304588 0]
self ViewDir: [314.35315 321.99704 0]
Oppo ViewDir: [430.4285 70.628586 0]
self ViewDir: [314.35315 321.99704 0]
Oppo ViewDir: [421.22705 113.24688 0]
self ViewDir: [314.35315 321.99704 0]
Oppo ViewDir: [407.81686 154.73366 0]
self ViewDir: [314.35315 321.99704 0]
Oppo ViewDir: [390.33188 194.67438 0]
self ViewDir: [314.35315 321.99704 0]
Oppo ViewDir: [368.94684 232.66997 0]
action: 808961
action 3: 0, action 4: 1
Input Direction: [-200 200 0]
AI:0 move is called, target pos from (-244.11607, -378.03088) to (-444.1161, -178.03088)
Length: 450, Theta: 0
self ViewDir: [314.35315 321.99704 45.150604]
hero dir: [-0.7071068 0.7071068 0]
Chase is called, camp: 0, newPos:[-245.17673 -376.9702 80], Pos: [-244.11607 -378.03088 80]
Oppo ViewDir: [343.8754 268.34082 0]
self ViewDir: [314.35315 321.99704 45.150604]
hero dir: [-0.70710677 0.7071067 0]
Chase is called, camp: 0, newPos:[-246.23738 -375.90955 80], Pos: [-245.17673 -376.9702 80]
Oppo ViewDir: [315.36807 301.3305 0]
self ViewDir: [314.35315 321.99704 45.150604]
hero dir: [-0.7071068 0.70710665 0]
Chase is called, camp: 0, newPos:[-247.29803 -374.84888 80], Pos: [-246.23738 -375.90955 80]
Oppo ViewDir: [283.7097 331.3094 0]
self ViewDir: [314.35315 321.99704 45.150604]
hero dir: [-0.7071069 0.70710665 0]
Chase is called, camp: 0, newPos:[-248.35869 -373.7882 80], Pos: [-247.29803 -374.84888 80]
Oppo ViewDir: [249.21657 357.97794 0]
self ViewDir: [314.35315 321.99704 45.150604]
hero dir: [-0.7071069 0.70710665 0]
Chase is called, camp: 0, newPos:[-249.41934 -372.72754 80], Pos: [-248.35869 -373.7882 80]
Oppo ViewDir: [212.23335 381.06967 0]
self ViewDir: [314.35315 321.99704 45.150604]
hero dir: [-0.70710695 0.7071066 0]
Chase is called, camp: 0, newPos:[-250.48 -371.66687 80], Pos: [-249.41934 -372.72754 80]
Oppo ViewDir: [173.12958 400.35388 0]
self ViewDir: [314.35315 321.99704 45.150604]
hero dir: [-0.70710695 0.7071066 0]
Chase is called, camp: 0, newPos:[-251.54065 -370.6062 80], Pos: [-250.48 -371.66687 80]
Oppo ViewDir: [132.29596 415.6379 0]
self ViewDir: [314.35315 321.99704 45.150604]
hero dir: [-0.707107 0.7071066 0]
Chase is called, camp: 0, newPos:[-252.6013 -369.54553 80], Pos: [-251.54065 -370.6062 80]
Oppo ViewDir: [90.14048 426.769 0]
self ViewDir: [314.35315 321.99704 45.150604]
hero dir: [-0.70710707 0.70710653 0]
Chase is called, camp: 0, newPos:[-253.66196 -368.48486 80], Pos: [-252.6013 -369.54553 80]
Oppo ViewDir: [47.084347 433.636 0]
self ViewDir: [314.35315 321.99704 45.150604]
hero dir: [-0.707107 0.7071065 0]
Chase is called, camp: 0, newPos:[-254.72261 -367.4242 80], Pos: [-253.66196 -368.48486 80]
Oppo ViewDir: [3.557759 436.1702 0]
self ViewDir: [314.35315 321.99704 45.150604]
hero dir: [-0.70710707 0.7071064 0]
Chase is called, camp: 0, newPos:[-255.78326 -366.36353 80], Pos: [-254.72261 -367.4242 80]
Oppo ViewDir: [-40.004375 434.34634 0]
self ViewDir: [314.35315 321.99704 45.150604]
hero dir: [-0.70710707 0.7071064 0]
Chase is called, camp: 0, newPos:[-256.84393 -365.30286 80], Pos: [-255.78326 -366.36353 80]
Oppo ViewDir: [-83.1668 428.18265 0]
self ViewDir: [314.35315 321.99704 45.150604]
hero dir: [-0.70710707 0.70710635 0]
Chase is called, camp: 0, newPos:[-257.9046 -364.2422 80], Pos: [-256.84393 -365.30286 80]
Oppo ViewDir: [-125.49825 417.7407 0]
self ViewDir: [314.35315 321.99704 45.150604]
hero dir: [-0.7071071 0.7071064 0]
Chase is called, camp: 0, newPos:[-258.96527 -363.18152 80], Pos: [-257.9046 -364.2422 80]
Oppo ViewDir: [-166.57576 403.12482 0]
action: 1081344
action 3: 0, action 4: 0
self ViewDir: [314.35315 321.99704 45.150604]
Oppo ViewDir: [-205.9889 384.48105 0]
self ViewDir: [314.35315 321.99704 45.150604]
Oppo ViewDir: [-243.34387 361.99567 0]
self ViewDir: [314.35315 321.99704 45.150604]
Oppo ViewDir: [-278.26743 335.89334 0]
self ViewDir: [314.35315 321.99704 45.150604]
Oppo ViewDir: [-310.4106 306.43488 0]
self ViewDir: [314.35315 321.99704 45.150604]
Oppo ViewDir: [-339.4523 273.91464 0]
self ViewDir: [314.35315 321.99704 45.150604]
Oppo ViewDir: [-365.1023 238.65753 0]
self ViewDir: [314.35315 321.99704 45.150604]
Oppo ViewDir: [-387.1043 201.01584 0]
self ViewDir: [314.35315 321.99704 45.150604]
Oppo ViewDir: [-405.23853 161.36566 0]
self ViewDir: [314.35315 321.99704 45.150604]
Oppo ViewDir: [-419.3237 120.10316 0]
self ViewDir: [314.35315 321.99704 45.150604]
Oppo ViewDir: [-429.21912 77.640625 0]
self ViewDir: [314.35315 321.99704 45.150604]
Oppo ViewDir: [-434.82593 34.402332 0]
self ViewDir: [314.35315 321.99704 45.150604]
Oppo ViewDir: [-436.0881 -9.179694 0]
self ViewDir: [314.35315 321.99704 45.150604]
Oppo ViewDir: [-432.99304 -52.67 0]
self ViewDir: [314.35315 321.99704 45.150604]
Oppo ViewDir: [-425.57166 -95.63404 0]
action: 1343497
action 3: 2, action 4: 1
Length: 450.0000173611108, Theta: 0.1000000001488851
